2021-07-30 18:07:730 INFO  GrantsPage:46 - User is redirected to My Grants page.
2021-07-30 18:07:342 INFO  GrantsPage:51 - User is redirected to Sector page.
2021-07-30 18:07:137 INFO  GrantsPage:62 - Sector is selected.
2021-07-30 18:07:184 INFO  GrantsPage:138 - sublistitem37
2021-07-30 18:07:718 INFO  GrantsPage:76 - Development area is selected.
2021-07-30 18:07:763 INFO  GrantsPage:94 - false
2021-07-30 18:07:828 INFO  GrantsPage:101 - Functional area is selected.
2021-07-30 18:07:875 INFO  GrantsPage:114 - Apply button is clicked.
2021-07-30 18:07:748 INFO  GrantsPage:120 - Redirected to draft form successfully.
2021-07-30 18:07:931 INFO  GrantsPage:125 - Proceed button is clicked.
2021-07-30 18:07:951 INFO  GrantsPage:131 - Form contains 6 sections.
2021-07-30 18:07:240 INFO  GrantsPage:46 - User is redirected to My Grants page.
2021-07-30 18:07:647 INFO  GrantsPage:51 - User is redirected to Sector page.
2021-07-30 18:07:485 INFO  GrantsPage:62 - Sector is selected.
2021-07-30 18:07:522 INFO  GrantsPage:138 - sublistitem37
2021-07-30 18:07:125 INFO  GrantsPage:76 - Development area is selected.
2021-07-30 18:07:170 INFO  GrantsPage:94 - false
2021-07-30 18:07:233 INFO  GrantsPage:101 - Functional area is selected.
2021-07-30 18:07:327 INFO  GrantsPage:114 - Apply button is clicked.
2021-07-30 18:07:69 INFO  GrantsPage:120 - Redirected to draft form successfully.
2021-07-30 18:07:884 INFO  GrantsPage:125 - Proceed button is clicked.
2021-07-30 18:07:31 INFO  GrantsPage:131 - Form contains 6 sections.
2021-07-30 18:07:481 INFO  GrantsPage:46 - User is redirected to My Grants page.
2021-07-30 18:07:17 INFO  GrantsPage:51 - User is redirected to Sector page.
2021-07-30 18:07:142 INFO  GrantsPage:62 - Sector is selected.
2021-07-30 18:07:261 INFO  GrantsPage:76 - Development area is selected.
2021-07-30 18:07:298 INFO  GrantsPage:94 - false
2021-07-30 18:07:379 INFO  GrantsPage:101 - Functional area is selected.
2021-07-30 18:07:424 INFO  GrantsPage:114 - Apply button is clicked.
2021-07-30 18:07:257 INFO  GrantsPage:120 - Redirected to draft form successfully.
2021-07-30 18:07:161 INFO  GrantsPage:125 - Proceed button is clicked.
2021-07-30 18:07:474 INFO  GrantsPage:131 - Form contains 6 sections.
2021-07-30 18:07:846 INFO  GrantsPage:46 - User is redirected to My Grants page.
2021-07-30 18:07:205 INFO  GrantsPage:51 - User is redirected to Sector page.
2021-07-30 18:07:265 INFO  GrantsPage:62 - Sector is selected.
2021-07-30 18:07:391 INFO  GrantsPage:76 - Development area is selected.
2021-07-30 18:07:436 INFO  GrantsPage:94 - false
2021-07-30 18:07:516 INFO  GrantsPage:101 - Functional area is selected.
2021-07-30 18:07:566 INFO  GrantsPage:114 - Apply button is clicked.
2021-07-30 18:07:453 INFO  GrantsPage:120 - Redirected to draft form successfully.
2021-07-30 18:07:641 INFO  GrantsPage:125 - Proceed button is clicked.
2021-07-30 18:07:655 INFO  GrantsPage:131 - Form contains 6 sections.
2021-07-30 18:07:897 INFO  GrantsPage:46 - User is redirected to My Grants page.
2021-07-30 18:07:889 INFO  GrantsPage:51 - User is redirected to Sector page.
2021-07-30 18:07:991 INFO  GrantsPage:62 - Sector is selected.
2021-07-30 18:07:103 INFO  GrantsPage:76 - Development area is selected.
2021-07-30 18:07:147 INFO  GrantsPage:94 - false
2021-07-30 18:07:241 INFO  GrantsPage:101 - Functional area is selected.
2021-07-30 18:07:287 INFO  GrantsPage:114 - Apply button is clicked.
2021-07-30 18:07:204 INFO  GrantsPage:120 - Redirected to draft form successfully.
2021-07-30 18:07:108 INFO  GrantsPage:125 - Proceed button is clicked.
2021-07-30 18:07:349 INFO  GrantsPage:131 - Form contains 6 sections.
